2024-01-17 14:04:41,577:WARNING:
'cuml' is a soft dependency and not included in the pycaret installation. Please run: `pip install cuml` to install.
2024-01-17 14:04:41,578:WARNING:
'cuml' is a soft dependency and not included in the pycaret installation. Please run: `pip install cuml` to install.
2024-01-17 14:04:41,578:WARNING:
'cuml' is a soft dependency and not included in the pycaret installation. Please run: `pip install cuml` to install.
2024-01-17 14:04:41,578:WARNING:
'cuml' is a soft dependency and not included in the pycaret installation. Please run: `pip install cuml` to install.
2024-01-17 14:09:05,850:WARNING:
'cuml' is a soft dependency and not included in the pycaret installation. Please run: `pip install cuml` to install.
2024-01-17 14:09:05,850:WARNING:
'cuml' is a soft dependency and not included in the pycaret installation. Please run: `pip install cuml` to install.
2024-01-17 14:09:05,850:WARNING:
'cuml' is a soft dependency and not included in the pycaret installation. Please run: `pip install cuml` to install.
2024-01-17 14:09:05,850:WARNING:
'cuml' is a soft dependency and not included in the pycaret installation. Please run: `pip install cuml` to install.
2024-01-17 14:09:34,221:INFO:PyCaret ClassificationExperiment
2024-01-17 14:09:34,222:INFO:Logging name: clf-default-name
2024-01-17 14:09:34,222:INFO:ML Usecase: MLUsecase.CLASSIFICATION
2024-01-17 14:09:34,222:INFO:version 3.2.0
2024-01-17 14:09:34,222:INFO:Initializing setup()
2024-01-17 14:09:34,222:INFO:self.USI: 0835
2024-01-17 14:09:34,222:INFO:self._variable_keys: {'y_test', 'X', 'pipeline', 'logging_param', 'n_jobs_param', 'idx', 'exp_name_log', 'gpu_n_jobs_param', 'fold_groups_param', 'USI', 'y_train', 'data', 'is_multiclass', 'seed', 'html_param', 'y', 'gpu_param', 'target_param', 'exp_id', 'fold_shuffle_param', 'fix_imbalance', '_available_plots', 'X_train', 'X_test', 'log_plots_param', 'fold_generator', 'memory', '_ml_usecase'}
2024-01-17 14:09:34,222:INFO:Checking environment
2024-01-17 14:09:34,222:INFO:python_version: 3.10.12
2024-01-17 14:09:34,222:INFO:python_build: ('main', 'Nov 20 2023 15:14:05')
2024-01-17 14:09:34,222:INFO:machine: x86_64
2024-01-17 14:09:34,222:INFO:platform: Linux-5.15.0-91-generic-x86_64-with-glibc2.35
2024-01-17 14:09:34,222:INFO:Memory: svmem(total=14482587648, available=5530279936, percent=61.8, used=8499167232, free=809172992, active=1818779648, inactive=11042103296, buffers=198434816, cached=4975812608, shared=117030912, slab=422809600)
2024-01-17 14:09:34,223:INFO:Physical Core: 6
2024-01-17 14:09:34,223:INFO:Logical Core: 12
2024-01-17 14:09:34,223:INFO:Checking libraries
2024-01-17 14:09:34,223:INFO:System:
2024-01-17 14:09:34,223:INFO:    python: 3.10.12 (main, Nov 20 2023, 15:14:05) [GCC 11.4.0]
2024-01-17 14:09:34,223:INFO:executable: /bin/python3
2024-01-17 14:09:34,223:INFO:   machine: Linux-5.15.0-91-generic-x86_64-with-glibc2.35
2024-01-17 14:09:34,223:INFO:PyCaret required dependencies:
2024-01-17 14:09:34,240:INFO:                 pip: 22.0.2
2024-01-17 14:09:34,240:INFO:          setuptools: 59.6.0
2024-01-17 14:09:34,240:INFO:             pycaret: 3.2.0
2024-01-17 14:09:34,240:INFO:             IPython: 8.17.2
2024-01-17 14:09:34,240:INFO:          ipywidgets: 8.1.1
2024-01-17 14:09:34,240:INFO:                tqdm: 4.66.1
2024-01-17 14:09:34,240:INFO:               numpy: 1.25.2
2024-01-17 14:09:34,240:INFO:              pandas: 1.5.3
2024-01-17 14:09:34,240:INFO:              jinja2: 3.1.3
2024-01-17 14:09:34,240:INFO:               scipy: 1.10.1
2024-01-17 14:09:34,240:INFO:              joblib: 1.3.2
2024-01-17 14:09:34,240:INFO:             sklearn: 1.2.2
2024-01-17 14:09:34,240:INFO:                pyod: 1.1.2
2024-01-17 14:09:34,240:INFO:            imblearn: 0.11.0
2024-01-17 14:09:34,240:INFO:   category_encoders: 2.6.3
2024-01-17 14:09:34,240:INFO:            lightgbm: 4.2.0
2024-01-17 14:09:34,240:INFO:               numba: 0.58.1
2024-01-17 14:09:34,240:INFO:            requests: 2.25.1
2024-01-17 14:09:34,240:INFO:          matplotlib: 3.6.0
2024-01-17 14:09:34,240:INFO:          scikitplot: 0.3.7
2024-01-17 14:09:34,240:INFO:         yellowbrick: 1.5
2024-01-17 14:09:34,240:INFO:              plotly: 5.18.0
2024-01-17 14:09:34,240:INFO:    plotly-resampler: Not installed
2024-01-17 14:09:34,240:INFO:             kaleido: 0.2.1
2024-01-17 14:09:34,240:INFO:           schemdraw: 0.15
2024-01-17 14:09:34,240:INFO:         statsmodels: 0.14.1
2024-01-17 14:09:34,240:INFO:              sktime: 0.21.1
2024-01-17 14:09:34,240:INFO:               tbats: 1.1.3
2024-01-17 14:09:34,241:INFO:            pmdarima: 2.0.4
2024-01-17 14:09:34,241:INFO:              psutil: 5.9.0
2024-01-17 14:09:34,241:INFO:          markupsafe: 2.0.1
2024-01-17 14:09:34,241:INFO:             pickle5: Not installed
2024-01-17 14:09:34,241:INFO:         cloudpickle: 3.0.0
2024-01-17 14:09:34,241:INFO:         deprecation: 2.1.0
2024-01-17 14:09:34,241:INFO:              xxhash: 3.4.1
2024-01-17 14:09:34,241:INFO:           wurlitzer: 3.0.3
2024-01-17 14:09:34,241:INFO:PyCaret optional dependencies:
2024-01-17 14:09:34,270:INFO:                shap: Not installed
2024-01-17 14:09:34,270:INFO:           interpret: Not installed
2024-01-17 14:09:34,270:INFO:                umap: Not installed
2024-01-17 14:09:34,270:INFO:     ydata_profiling: Not installed
2024-01-17 14:09:34,270:INFO:  explainerdashboard: Not installed
2024-01-17 14:09:34,270:INFO:             autoviz: Not installed
2024-01-17 14:09:34,270:INFO:           fairlearn: Not installed
2024-01-17 14:09:34,270:INFO:          deepchecks: Not installed
2024-01-17 14:09:34,270:INFO:             xgboost: 2.0.3
2024-01-17 14:09:34,270:INFO:            catboost: Not installed
2024-01-17 14:09:34,270:INFO:              kmodes: Not installed
2024-01-17 14:09:34,270:INFO:             mlxtend: Not installed
2024-01-17 14:09:34,270:INFO:       statsforecast: Not installed
2024-01-17 14:09:34,270:INFO:        tune_sklearn: Not installed
2024-01-17 14:09:34,270:INFO:                 ray: Not installed
2024-01-17 14:09:34,270:INFO:            hyperopt: Not installed
2024-01-17 14:09:34,270:INFO:              optuna: Not installed
2024-01-17 14:09:34,270:INFO:               skopt: Not installed
2024-01-17 14:09:34,271:INFO:              mlflow: Not installed
2024-01-17 14:09:34,271:INFO:              gradio: Not installed
2024-01-17 14:09:34,271:INFO:             fastapi: Not installed
2024-01-17 14:09:34,271:INFO:             uvicorn: Not installed
2024-01-17 14:09:34,271:INFO:              m2cgen: Not installed
2024-01-17 14:09:34,271:INFO:           evidently: Not installed
2024-01-17 14:09:34,271:INFO:               fugue: Not installed
2024-01-17 14:09:34,271:INFO:           streamlit: Not installed
2024-01-17 14:09:34,271:INFO:             prophet: Not installed
2024-01-17 14:09:34,271:INFO:None
2024-01-17 14:09:34,271:INFO:Set up data.
2024-01-17 14:09:50,584:INFO:PyCaret ClassificationExperiment
2024-01-17 14:09:50,584:INFO:Logging name: clf-default-name
2024-01-17 14:09:50,584:INFO:ML Usecase: MLUsecase.CLASSIFICATION
2024-01-17 14:09:50,584:INFO:version 3.2.0
2024-01-17 14:09:50,584:INFO:Initializing setup()
2024-01-17 14:09:50,584:INFO:self.USI: abe7
2024-01-17 14:09:50,584:INFO:self._variable_keys: {'y_test', 'X', 'pipeline', 'logging_param', 'n_jobs_param', 'idx', 'exp_name_log', 'gpu_n_jobs_param', 'fold_groups_param', 'USI', 'y_train', 'data', 'is_multiclass', 'seed', 'html_param', 'y', 'gpu_param', 'target_param', 'exp_id', 'fold_shuffle_param', 'fix_imbalance', '_available_plots', 'X_train', 'X_test', 'log_plots_param', 'fold_generator', 'memory', '_ml_usecase'}
2024-01-17 14:09:50,584:INFO:Checking environment
2024-01-17 14:09:50,584:INFO:python_version: 3.10.12
2024-01-17 14:09:50,584:INFO:python_build: ('main', 'Nov 20 2023 15:14:05')
2024-01-17 14:09:50,585:INFO:machine: x86_64
2024-01-17 14:09:50,585:INFO:platform: Linux-5.15.0-91-generic-x86_64-with-glibc2.35
2024-01-17 14:09:50,585:INFO:Memory: svmem(total=14482587648, available=4673044480, percent=67.7, used=9356550144, free=530456576, active=1828495360, inactive=11320930304, buffers=197271552, cached=4398309376, shared=116883456, slab=416198656)
2024-01-17 14:09:50,586:INFO:Physical Core: 6
2024-01-17 14:09:50,587:INFO:Logical Core: 12
2024-01-17 14:09:50,587:INFO:Checking libraries
2024-01-17 14:09:50,587:INFO:System:
2024-01-17 14:09:50,587:INFO:    python: 3.10.12 (main, Nov 20 2023, 15:14:05) [GCC 11.4.0]
2024-01-17 14:09:50,587:INFO:executable: /bin/python3
2024-01-17 14:09:50,587:INFO:   machine: Linux-5.15.0-91-generic-x86_64-with-glibc2.35
2024-01-17 14:09:50,587:INFO:PyCaret required dependencies:
2024-01-17 14:09:50,587:INFO:                 pip: 22.0.2
2024-01-17 14:09:50,587:INFO:          setuptools: 59.6.0
2024-01-17 14:09:50,587:INFO:             pycaret: 3.2.0
2024-01-17 14:09:50,587:INFO:             IPython: 8.17.2
2024-01-17 14:09:50,587:INFO:          ipywidgets: 8.1.1
2024-01-17 14:09:50,587:INFO:                tqdm: 4.66.1
2024-01-17 14:09:50,588:INFO:               numpy: 1.25.2
2024-01-17 14:09:50,588:INFO:              pandas: 1.5.3
2024-01-17 14:09:50,588:INFO:              jinja2: 3.1.3
2024-01-17 14:09:50,588:INFO:               scipy: 1.10.1
2024-01-17 14:09:50,588:INFO:              joblib: 1.3.2
2024-01-17 14:09:50,588:INFO:             sklearn: 1.2.2
2024-01-17 14:09:50,588:INFO:                pyod: 1.1.2
2024-01-17 14:09:50,588:INFO:            imblearn: 0.11.0
2024-01-17 14:09:50,588:INFO:   category_encoders: 2.6.3
2024-01-17 14:09:50,588:INFO:            lightgbm: 4.2.0
2024-01-17 14:09:50,588:INFO:               numba: 0.58.1
2024-01-17 14:09:50,588:INFO:            requests: 2.25.1
2024-01-17 14:09:50,588:INFO:          matplotlib: 3.6.0
2024-01-17 14:09:50,588:INFO:          scikitplot: 0.3.7
2024-01-17 14:09:50,588:INFO:         yellowbrick: 1.5
2024-01-17 14:09:50,588:INFO:              plotly: 5.18.0
2024-01-17 14:09:50,588:INFO:    plotly-resampler: Not installed
2024-01-17 14:09:50,588:INFO:             kaleido: 0.2.1
2024-01-17 14:09:50,588:INFO:           schemdraw: 0.15
2024-01-17 14:09:50,588:INFO:         statsmodels: 0.14.1
2024-01-17 14:09:50,588:INFO:              sktime: 0.21.1
2024-01-17 14:09:50,588:INFO:               tbats: 1.1.3
2024-01-17 14:09:50,588:INFO:            pmdarima: 2.0.4
2024-01-17 14:09:50,588:INFO:              psutil: 5.9.0
2024-01-17 14:09:50,588:INFO:          markupsafe: 2.0.1
2024-01-17 14:09:50,588:INFO:             pickle5: Not installed
2024-01-17 14:09:50,588:INFO:         cloudpickle: 3.0.0
2024-01-17 14:09:50,588:INFO:         deprecation: 2.1.0
2024-01-17 14:09:50,588:INFO:              xxhash: 3.4.1
2024-01-17 14:09:50,588:INFO:           wurlitzer: 3.0.3
2024-01-17 14:09:50,588:INFO:PyCaret optional dependencies:
2024-01-17 14:09:50,588:INFO:                shap: Not installed
2024-01-17 14:09:50,588:INFO:           interpret: Not installed
2024-01-17 14:09:50,588:INFO:                umap: Not installed
2024-01-17 14:09:50,588:INFO:     ydata_profiling: Not installed
2024-01-17 14:09:50,588:INFO:  explainerdashboard: Not installed
2024-01-17 14:09:50,588:INFO:             autoviz: Not installed
2024-01-17 14:09:50,588:INFO:           fairlearn: Not installed
2024-01-17 14:09:50,589:INFO:          deepchecks: Not installed
2024-01-17 14:09:50,589:INFO:             xgboost: 2.0.3
2024-01-17 14:09:50,589:INFO:            catboost: Not installed
2024-01-17 14:09:50,589:INFO:              kmodes: Not installed
2024-01-17 14:09:50,589:INFO:             mlxtend: Not installed
2024-01-17 14:09:50,589:INFO:       statsforecast: Not installed
2024-01-17 14:09:50,589:INFO:        tune_sklearn: Not installed
2024-01-17 14:09:50,589:INFO:                 ray: Not installed
2024-01-17 14:09:50,589:INFO:            hyperopt: Not installed
2024-01-17 14:09:50,589:INFO:              optuna: Not installed
2024-01-17 14:09:50,589:INFO:               skopt: Not installed
2024-01-17 14:09:50,589:INFO:              mlflow: Not installed
2024-01-17 14:09:50,589:INFO:              gradio: Not installed
2024-01-17 14:09:50,589:INFO:             fastapi: Not installed
2024-01-17 14:09:50,589:INFO:             uvicorn: Not installed
2024-01-17 14:09:50,589:INFO:              m2cgen: Not installed
2024-01-17 14:09:50,589:INFO:           evidently: Not installed
2024-01-17 14:09:50,589:INFO:               fugue: Not installed
2024-01-17 14:09:50,589:INFO:           streamlit: Not installed
2024-01-17 14:09:50,589:INFO:             prophet: Not installed
2024-01-17 14:09:50,589:INFO:None
2024-01-17 14:09:50,589:INFO:Set up data.
2024-01-17 14:10:00,672:INFO:PyCaret ClassificationExperiment
2024-01-17 14:10:00,673:INFO:Logging name: clf-default-name
2024-01-17 14:10:00,673:INFO:ML Usecase: MLUsecase.CLASSIFICATION
2024-01-17 14:10:00,673:INFO:version 3.2.0
2024-01-17 14:10:00,673:INFO:Initializing setup()
2024-01-17 14:10:00,673:INFO:self.USI: 9cbc
2024-01-17 14:10:00,673:INFO:self._variable_keys: {'y_test', 'X', 'pipeline', 'logging_param', 'n_jobs_param', 'idx', 'exp_name_log', 'gpu_n_jobs_param', 'fold_groups_param', 'USI', 'y_train', 'data', 'is_multiclass', 'seed', 'html_param', 'y', 'gpu_param', 'target_param', 'exp_id', 'fold_shuffle_param', 'fix_imbalance', '_available_plots', 'X_train', 'X_test', 'log_plots_param', 'fold_generator', 'memory', '_ml_usecase'}
2024-01-17 14:10:00,673:INFO:Checking environment
2024-01-17 14:10:00,673:INFO:python_version: 3.10.12
2024-01-17 14:10:00,673:INFO:python_build: ('main', 'Nov 20 2023 15:14:05')
2024-01-17 14:10:00,673:INFO:machine: x86_64
2024-01-17 14:10:00,673:INFO:platform: Linux-5.15.0-91-generic-x86_64-with-glibc2.35
2024-01-17 14:10:00,673:INFO:Memory: svmem(total=14482587648, available=3810893824, percent=73.7, used=10214121472, free=521965568, active=1795698688, inactive=11387412480, buffers=193421312, cached=3553079296, shared=117268480, slab=402137088)
2024-01-17 14:10:00,674:INFO:Physical Core: 6
2024-01-17 14:10:00,674:INFO:Logical Core: 12
2024-01-17 14:10:00,674:INFO:Checking libraries
2024-01-17 14:10:00,674:INFO:System:
2024-01-17 14:10:00,674:INFO:    python: 3.10.12 (main, Nov 20 2023, 15:14:05) [GCC 11.4.0]
2024-01-17 14:10:00,674:INFO:executable: /bin/python3
2024-01-17 14:10:00,674:INFO:   machine: Linux-5.15.0-91-generic-x86_64-with-glibc2.35
2024-01-17 14:10:00,674:INFO:PyCaret required dependencies:
2024-01-17 14:10:00,674:INFO:                 pip: 22.0.2
2024-01-17 14:10:00,674:INFO:          setuptools: 59.6.0
2024-01-17 14:10:00,674:INFO:             pycaret: 3.2.0
2024-01-17 14:10:00,674:INFO:             IPython: 8.17.2
2024-01-17 14:10:00,674:INFO:          ipywidgets: 8.1.1
2024-01-17 14:10:00,674:INFO:                tqdm: 4.66.1
2024-01-17 14:10:00,674:INFO:               numpy: 1.25.2
2024-01-17 14:10:00,674:INFO:              pandas: 1.5.3
2024-01-17 14:10:00,674:INFO:              jinja2: 3.1.3
2024-01-17 14:10:00,674:INFO:               scipy: 1.10.1
2024-01-17 14:10:00,674:INFO:              joblib: 1.3.2
2024-01-17 14:10:00,674:INFO:             sklearn: 1.2.2
2024-01-17 14:10:00,674:INFO:                pyod: 1.1.2
2024-01-17 14:10:00,674:INFO:            imblearn: 0.11.0
2024-01-17 14:10:00,674:INFO:   category_encoders: 2.6.3
2024-01-17 14:10:00,674:INFO:            lightgbm: 4.2.0
2024-01-17 14:10:00,674:INFO:               numba: 0.58.1
2024-01-17 14:10:00,674:INFO:            requests: 2.25.1
2024-01-17 14:10:00,674:INFO:          matplotlib: 3.6.0
2024-01-17 14:10:00,674:INFO:          scikitplot: 0.3.7
2024-01-17 14:10:00,674:INFO:         yellowbrick: 1.5
2024-01-17 14:10:00,674:INFO:              plotly: 5.18.0
2024-01-17 14:10:00,674:INFO:    plotly-resampler: Not installed
2024-01-17 14:10:00,674:INFO:             kaleido: 0.2.1
2024-01-17 14:10:00,674:INFO:           schemdraw: 0.15
2024-01-17 14:10:00,674:INFO:         statsmodels: 0.14.1
2024-01-17 14:10:00,674:INFO:              sktime: 0.21.1
2024-01-17 14:10:00,674:INFO:               tbats: 1.1.3
2024-01-17 14:10:00,675:INFO:            pmdarima: 2.0.4
2024-01-17 14:10:00,675:INFO:              psutil: 5.9.0
2024-01-17 14:10:00,675:INFO:          markupsafe: 2.0.1
2024-01-17 14:10:00,675:INFO:             pickle5: Not installed
2024-01-17 14:10:00,675:INFO:         cloudpickle: 3.0.0
2024-01-17 14:10:00,675:INFO:         deprecation: 2.1.0
2024-01-17 14:10:00,675:INFO:              xxhash: 3.4.1
2024-01-17 14:10:00,675:INFO:           wurlitzer: 3.0.3
2024-01-17 14:10:00,675:INFO:PyCaret optional dependencies:
2024-01-17 14:10:00,675:INFO:                shap: Not installed
2024-01-17 14:10:00,675:INFO:           interpret: Not installed
2024-01-17 14:10:00,675:INFO:                umap: Not installed
2024-01-17 14:10:00,675:INFO:     ydata_profiling: Not installed
2024-01-17 14:10:00,675:INFO:  explainerdashboard: Not installed
2024-01-17 14:10:00,675:INFO:             autoviz: Not installed
2024-01-17 14:10:00,675:INFO:           fairlearn: Not installed
2024-01-17 14:10:00,675:INFO:          deepchecks: Not installed
2024-01-17 14:10:00,675:INFO:             xgboost: 2.0.3
2024-01-17 14:10:00,675:INFO:            catboost: Not installed
2024-01-17 14:10:00,675:INFO:              kmodes: Not installed
2024-01-17 14:10:00,675:INFO:             mlxtend: Not installed
2024-01-17 14:10:00,675:INFO:       statsforecast: Not installed
2024-01-17 14:10:00,675:INFO:        tune_sklearn: Not installed
2024-01-17 14:10:00,675:INFO:                 ray: Not installed
2024-01-17 14:10:00,675:INFO:            hyperopt: Not installed
2024-01-17 14:10:00,675:INFO:              optuna: Not installed
2024-01-17 14:10:00,675:INFO:               skopt: Not installed
2024-01-17 14:10:00,675:INFO:              mlflow: Not installed
2024-01-17 14:10:00,675:INFO:              gradio: Not installed
2024-01-17 14:10:00,675:INFO:             fastapi: Not installed
2024-01-17 14:10:00,675:INFO:             uvicorn: Not installed
2024-01-17 14:10:00,675:INFO:              m2cgen: Not installed
2024-01-17 14:10:00,675:INFO:           evidently: Not installed
2024-01-17 14:10:00,675:INFO:               fugue: Not installed
2024-01-17 14:10:00,675:INFO:           streamlit: Not installed
2024-01-17 14:10:00,675:INFO:             prophet: Not installed
2024-01-17 14:10:00,675:INFO:None
2024-01-17 14:10:00,675:INFO:Set up data.
2024-01-17 14:14:05,971:INFO:PyCaret ClassificationExperiment
2024-01-17 14:14:05,971:INFO:Logging name: clf-default-name
2024-01-17 14:14:05,971:INFO:ML Usecase: MLUsecase.CLASSIFICATION
2024-01-17 14:14:05,971:INFO:version 3.2.0
2024-01-17 14:14:05,971:INFO:Initializing setup()
2024-01-17 14:14:05,971:INFO:self.USI: 2346
2024-01-17 14:14:05,971:INFO:self._variable_keys: {'y_test', 'X', 'pipeline', 'logging_param', 'n_jobs_param', 'idx', 'exp_name_log', 'gpu_n_jobs_param', 'fold_groups_param', 'USI', 'y_train', 'data', 'is_multiclass', 'seed', 'html_param', 'y', 'gpu_param', 'target_param', 'exp_id', 'fold_shuffle_param', 'fix_imbalance', '_available_plots', 'X_train', 'X_test', 'log_plots_param', 'fold_generator', 'memory', '_ml_usecase'}
2024-01-17 14:14:05,971:INFO:Checking environment
2024-01-17 14:14:05,971:INFO:python_version: 3.10.12
2024-01-17 14:14:05,971:INFO:python_build: ('main', 'Nov 20 2023 15:14:05')
2024-01-17 14:14:05,971:INFO:machine: x86_64
2024-01-17 14:14:05,971:INFO:platform: Linux-5.15.0-91-generic-x86_64-with-glibc2.35
2024-01-17 14:14:05,972:INFO:Memory: svmem(total=14482587648, available=4110082048, percent=71.6, used=9919266816, free=878931968, active=2278264832, inactive=10570526720, buffers=194633728, cached=3489755136, shared=117129216, slab=390492160)
2024-01-17 14:14:05,972:INFO:Physical Core: 6
2024-01-17 14:14:05,972:INFO:Logical Core: 12
2024-01-17 14:14:05,972:INFO:Checking libraries
2024-01-17 14:14:05,972:INFO:System:
2024-01-17 14:14:05,972:INFO:    python: 3.10.12 (main, Nov 20 2023, 15:14:05) [GCC 11.4.0]
2024-01-17 14:14:05,972:INFO:executable: /bin/python3
2024-01-17 14:14:05,972:INFO:   machine: Linux-5.15.0-91-generic-x86_64-with-glibc2.35
2024-01-17 14:14:05,972:INFO:PyCaret required dependencies:
2024-01-17 14:14:05,972:INFO:                 pip: 22.0.2
2024-01-17 14:14:05,972:INFO:          setuptools: 59.6.0
2024-01-17 14:14:05,972:INFO:             pycaret: 3.2.0
2024-01-17 14:14:05,972:INFO:             IPython: 8.17.2
2024-01-17 14:14:05,973:INFO:          ipywidgets: 8.1.1
2024-01-17 14:14:05,973:INFO:                tqdm: 4.66.1
2024-01-17 14:14:05,973:INFO:               numpy: 1.25.2
2024-01-17 14:14:05,973:INFO:              pandas: 1.5.3
2024-01-17 14:14:05,973:INFO:              jinja2: 3.1.3
2024-01-17 14:14:05,973:INFO:               scipy: 1.10.1
2024-01-17 14:14:05,973:INFO:              joblib: 1.3.2
2024-01-17 14:14:05,973:INFO:             sklearn: 1.2.2
2024-01-17 14:14:05,973:INFO:                pyod: 1.1.2
2024-01-17 14:14:05,973:INFO:            imblearn: 0.11.0
2024-01-17 14:14:05,973:INFO:   category_encoders: 2.6.3
2024-01-17 14:14:05,973:INFO:            lightgbm: 4.2.0
2024-01-17 14:14:05,973:INFO:               numba: 0.58.1
2024-01-17 14:14:05,973:INFO:            requests: 2.25.1
2024-01-17 14:14:05,973:INFO:          matplotlib: 3.6.0
2024-01-17 14:14:05,973:INFO:          scikitplot: 0.3.7
2024-01-17 14:14:05,973:INFO:         yellowbrick: 1.5
2024-01-17 14:14:05,973:INFO:              plotly: 5.18.0
2024-01-17 14:14:05,973:INFO:    plotly-resampler: Not installed
2024-01-17 14:14:05,973:INFO:             kaleido: 0.2.1
2024-01-17 14:14:05,973:INFO:           schemdraw: 0.15
2024-01-17 14:14:05,973:INFO:         statsmodels: 0.14.1
2024-01-17 14:14:05,973:INFO:              sktime: 0.21.1
2024-01-17 14:14:05,973:INFO:               tbats: 1.1.3
2024-01-17 14:14:05,973:INFO:            pmdarima: 2.0.4
2024-01-17 14:14:05,973:INFO:              psutil: 5.9.0
2024-01-17 14:14:05,973:INFO:          markupsafe: 2.0.1
2024-01-17 14:14:05,973:INFO:             pickle5: Not installed
2024-01-17 14:14:05,973:INFO:         cloudpickle: 3.0.0
2024-01-17 14:14:05,973:INFO:         deprecation: 2.1.0
2024-01-17 14:14:05,973:INFO:              xxhash: 3.4.1
2024-01-17 14:14:05,973:INFO:           wurlitzer: 3.0.3
2024-01-17 14:14:05,973:INFO:PyCaret optional dependencies:
2024-01-17 14:14:05,973:INFO:                shap: Not installed
2024-01-17 14:14:05,973:INFO:           interpret: Not installed
2024-01-17 14:14:05,973:INFO:                umap: Not installed
2024-01-17 14:14:05,973:INFO:     ydata_profiling: Not installed
2024-01-17 14:14:05,973:INFO:  explainerdashboard: Not installed
2024-01-17 14:14:05,973:INFO:             autoviz: Not installed
2024-01-17 14:14:05,973:INFO:           fairlearn: Not installed
2024-01-17 14:14:05,973:INFO:          deepchecks: Not installed
2024-01-17 14:14:05,973:INFO:             xgboost: 2.0.3
2024-01-17 14:14:05,973:INFO:            catboost: Not installed
2024-01-17 14:14:05,973:INFO:              kmodes: Not installed
2024-01-17 14:14:05,973:INFO:             mlxtend: Not installed
2024-01-17 14:14:05,973:INFO:       statsforecast: Not installed
2024-01-17 14:14:05,973:INFO:        tune_sklearn: Not installed
2024-01-17 14:14:05,974:INFO:                 ray: Not installed
2024-01-17 14:14:05,974:INFO:            hyperopt: Not installed
2024-01-17 14:14:05,974:INFO:              optuna: Not installed
2024-01-17 14:14:05,974:INFO:               skopt: Not installed
2024-01-17 14:14:05,974:INFO:              mlflow: Not installed
2024-01-17 14:14:05,974:INFO:              gradio: Not installed
2024-01-17 14:14:05,974:INFO:             fastapi: Not installed
2024-01-17 14:14:05,974:INFO:             uvicorn: Not installed
2024-01-17 14:14:05,974:INFO:              m2cgen: Not installed
2024-01-17 14:14:05,974:INFO:           evidently: Not installed
2024-01-17 14:14:05,974:INFO:               fugue: Not installed
2024-01-17 14:14:05,974:INFO:           streamlit: Not installed
2024-01-17 14:14:05,974:INFO:             prophet: Not installed
2024-01-17 14:14:05,974:INFO:None
2024-01-17 14:14:05,974:INFO:Set up data.
2024-01-17 14:14:08,261:INFO:Set up folding strategy.
2024-01-17 14:14:08,261:INFO:Set up train/test split.
2024-01-17 14:14:14,475:INFO:Set up index.
2024-01-17 14:14:15,162:INFO:Assigning column types.
2024-01-17 14:14:15,338:INFO:Engine successfully changes for model 'lr' to 'sklearn'.
2024-01-17 14:14:15,367:INFO:Engine for model 'knn' has not been set explicitly, hence returning None.
2024-01-17 14:14:15,368:INFO:Engine for model 'rbfsvm' has not been set explicitly, hence returning None.
2024-01-17 14:14:15,388:INFO:Soft dependency imported: xgboost: 2.0.3
2024-01-17 14:14:15,389:WARNING:
'catboost' is a soft dependency and not included in the pycaret installation. Please run: `pip install catboost` to install.
Alternately, you can install this by running `pip install pycaret[models]`
2024-01-17 14:14:15,418:INFO:Engine for model 'knn' has not been set explicitly, hence returning None.
2024-01-17 14:14:15,418:INFO:Engine for model 'rbfsvm' has not been set explicitly, hence returning None.
2024-01-17 14:14:15,435:INFO:Soft dependency imported: xgboost: 2.0.3
2024-01-17 14:14:15,437:WARNING:
'catboost' is a soft dependency and not included in the pycaret installation. Please run: `pip install catboost` to install.
Alternately, you can install this by running `pip install pycaret[models]`
2024-01-17 14:14:15,437:INFO:Engine successfully changes for model 'knn' to 'sklearn'.
2024-01-17 14:14:15,466:INFO:Engine for model 'rbfsvm' has not been set explicitly, hence returning None.
2024-01-17 14:14:15,483:INFO:Soft dependency imported: xgboost: 2.0.3
2024-01-17 14:14:15,485:WARNING:
'catboost' is a soft dependency and not included in the pycaret installation. Please run: `pip install catboost` to install.
Alternately, you can install this by running `pip install pycaret[models]`
2024-01-17 14:14:15,513:INFO:Engine for model 'rbfsvm' has not been set explicitly, hence returning None.
2024-01-17 14:14:15,531:INFO:Soft dependency imported: xgboost: 2.0.3
2024-01-17 14:14:15,533:WARNING:
'catboost' is a soft dependency and not included in the pycaret installation. Please run: `pip install catboost` to install.
Alternately, you can install this by running `pip install pycaret[models]`
2024-01-17 14:14:15,533:INFO:Engine successfully changes for model 'rbfsvm' to 'sklearn'.
2024-01-17 14:14:15,580:INFO:Soft dependency imported: xgboost: 2.0.3
2024-01-17 14:14:15,584:WARNING:
'catboost' is a soft dependency and not included in the pycaret installation. Please run: `pip install catboost` to install.
Alternately, you can install this by running `pip install pycaret[models]`
2024-01-17 14:14:15,630:INFO:Soft dependency imported: xgboost: 2.0.3
2024-01-17 14:14:15,632:WARNING:
'catboost' is a soft dependency and not included in the pycaret installation. Please run: `pip install catboost` to install.
Alternately, you can install this by running `pip install pycaret[models]`
2024-01-17 14:14:15,633:INFO:Preparing preprocessing pipeline...
2024-01-17 14:14:15,678:INFO:Set up label encoding.
2024-01-17 14:14:15,678:INFO:Set up simple imputation.
2024-01-17 14:14:16,365:INFO:Set up encoding of categorical features.
2024-01-17 14:14:27,167:INFO:Finished creating preprocessing pipeline.
2024-01-17 14:14:27,172:INFO:Pipeline: Pipeline(memory=FastMemory(location=/tmp/joblib),
         steps=[('label_encoding',
                 TransformerWrapperWithInverse(exclude=None, include=None,
                                               transformer=LabelEncoder())),
                ('numerical_imputer',
                 TransformerWrapper(exclude=None,
                                    include=['Seq', 'WaveNumber', 'Absorbance'],
                                    transformer=SimpleImputer(add_indicator=False,
                                                              copy=True,
                                                              fill_value=None,
                                                              keep_empty_features=Fals...
                                                              missing_values=nan,
                                                              strategy='most_frequent',
                                                              verbose='deprecated'))),
                ('rest_encoding',
                 TransformerWrapper(exclude=None, include=['SpecID', 'SurID'],
                                    transformer=TargetEncoder(cols=['SpecID',
                                                                    'SurID'],
                                                              drop_invariant=False,
                                                              handle_missing='return_nan',
                                                              handle_unknown='value',
                                                              hierarchy=None,
                                                              min_samples_leaf=20,
                                                              return_df=True,
                                                              smoothing=10,
                                                              verbose=0)))],
         verbose=False)
2024-01-17 14:14:27,172:INFO:Creating final display dataframe.
2024-01-17 14:14:42,459:INFO:Setup _display_container:                     Description                                         Value
0                    Session id                                           123
1                        Target                                        Status
2                   Target type                                    Multiclass
3                Target mapping  Hyperglycemia: 0, Hypoglycemia: 1, Normal: 2
4           Original data shape                                  (8023575, 6)
5        Transformed data shape                                  (8023575, 6)
6   Transformed train set shape                                  (5616502, 6)
7    Transformed test set shape                                  (2407073, 6)
8              Numeric features                                             3
9          Categorical features                                             2
10                   Preprocess                                          True
11              Imputation type                                        simple
12           Numeric imputation                                          mean
13       Categorical imputation                                          mode
14     Maximum one-hot encoding                                            25
15              Encoding method                                          None
16               Fold Generator                               StratifiedKFold
17                  Fold Number                                            10
18                     CPU Jobs                                            -1
19                      Use GPU                                         False
20               Log Experiment                                         False
21              Experiment Name                              clf-default-name
22                          USI                                          2346
2024-01-17 14:14:42,523:INFO:Soft dependency imported: xgboost: 2.0.3
2024-01-17 14:14:42,525:WARNING:
'catboost' is a soft dependency and not included in the pycaret installation. Please run: `pip install catboost` to install.
Alternately, you can install this by running `pip install pycaret[models]`
2024-01-17 14:14:42,574:INFO:Soft dependency imported: xgboost: 2.0.3
2024-01-17 14:14:42,576:WARNING:
'catboost' is a soft dependency and not included in the pycaret installation. Please run: `pip install catboost` to install.
Alternately, you can install this by running `pip install pycaret[models]`
2024-01-17 14:14:42,576:INFO:setup() successfully completed in 36.61s...............
2024-01-17 14:15:30,600:INFO:Initializing compare_models()
2024-01-17 14:15:30,601:INFO:compare_models(self=<pycaret.classification.oop.ClassificationExperiment object at 0x7fa2859ddf00>, include=None, fold=None, round=4, cross_validation=True, sort=Accuracy, n_select=1, budget_time=None, turbo=True, errors=ignore, fit_kwargs=None, groups=None, experiment_custom_tags=None, probability_threshold=None, verbose=True, parallel=None, caller_params={'self': <pycaret.classification.oop.ClassificationExperiment object at 0x7fa2859ddf00>, 'include': None, 'exclude': None, 'fold': None, 'round': 4, 'cross_validation': True, 'sort': 'Accuracy', 'n_select': 1, 'budget_time': None, 'turbo': True, 'errors': 'ignore', 'fit_kwargs': None, 'groups': None, 'experiment_custom_tags': None, 'probability_threshold': None, 'engine': None, 'verbose': True, 'parallel': None, '__class__': <class 'pycaret.classification.oop.ClassificationExperiment'>}, exclude=None)
2024-01-17 14:15:30,601:INFO:Checking exceptions
2024-01-17 14:15:32,021:INFO:Preparing display monitor
2024-01-17 14:15:32,041:INFO:Initializing Logistic Regression
2024-01-17 14:15:32,041:INFO:Total runtime is 3.6478042602539064e-06 minutes
2024-01-17 14:15:32,045:INFO:SubProcess create_model() called ==================================
2024-01-17 14:15:32,046:INFO:Initializing create_model()
2024-01-17 14:15:32,046:INFO:create_model(self=<pycaret.classification.oop.ClassificationExperiment object at 0x7fa2859ddf00>, estimator=lr, fold=StratifiedKFold(n_splits=10, random_state=None, shuffle=False), round=4, cross_validation=True, predict=True, fit_kwargs={}, groups=None, refit=False, probability_threshold=None, experiment_custom_tags=None, verbose=False, system=False, add_to_model_list=True, metrics=None, display=<pycaret.internal.display.display.CommonDisplay object at 0x7fa28db07ee0>, model_only=True, return_train_score=False, error_score=0.0, kwargs={})
2024-01-17 14:15:32,046:INFO:Checking exceptions
2024-01-17 14:15:32,046:INFO:Importing libraries
2024-01-17 14:15:32,046:INFO:Copying training dataset
2024-01-17 14:15:34,708:INFO:Defining folds
2024-01-17 14:15:34,708:INFO:Declaring metric variables
2024-01-17 14:15:34,712:INFO:Importing untrained model
2024-01-17 14:15:34,716:INFO:Logistic Regression Imported successfully
2024-01-17 14:15:34,721:INFO:Starting cross validation
2024-01-17 14:15:34,722:INFO:Cross validating with StratifiedKFold(n_splits=10, random_state=None, shuffle=False), n_jobs=-1
2024-01-17 14:19:00,202:WARNING:
'cuml' is a soft dependency and not included in the pycaret installation. Please run: `pip install cuml` to install.
2024-01-17 14:19:00,205:WARNING:
'cuml' is a soft dependency and not included in the pycaret installation. Please run: `pip install cuml` to install.
2024-01-17 14:19:00,205:WARNING:
'cuml' is a soft dependency and not included in the pycaret installation. Please run: `pip install cuml` to install.
2024-01-17 14:19:00,205:WARNING:
'cuml' is a soft dependency and not included in the pycaret installation. Please run: `pip install cuml` to install.
2024-01-17 14:19:01,492:INFO:PyCaret ClassificationExperiment
2024-01-17 14:19:01,494:INFO:Logging name: clf-default-name
2024-01-17 14:19:01,495:INFO:ML Usecase: MLUsecase.CLASSIFICATION
2024-01-17 14:19:01,495:INFO:version 3.2.0
2024-01-17 14:19:01,495:INFO:Initializing setup()
2024-01-17 14:19:01,496:INFO:self.USI: f616
2024-01-17 14:19:01,496:INFO:self._variable_keys: {'fold_groups_param', 'gpu_n_jobs_param', 'X_train', 'n_jobs_param', 'logging_param', 'is_multiclass', '_ml_usecase', 'target_param', 'data', 'y_train', 'fold_generator', 'fold_shuffle_param', 'memory', 'log_plots_param', 'fix_imbalance', '_available_plots', 'USI', 'X_test', 'y_test', 'pipeline', 'gpu_param', 'exp_id', 'idx', 'exp_name_log', 'X', 'seed', 'y', 'html_param'}
2024-01-17 14:19:01,496:INFO:Checking environment
2024-01-17 14:19:01,497:INFO:python_version: 3.10.12
2024-01-17 14:19:01,497:INFO:python_build: ('main', 'Nov 20 2023 15:14:05')
2024-01-17 14:19:01,497:INFO:machine: x86_64
2024-01-17 14:19:01,497:INFO:platform: Linux-5.15.0-91-generic-x86_64-with-glibc2.35
2024-01-17 14:19:01,499:INFO:Memory: svmem(total=14482587648, available=1514500096, percent=89.5, used=11895844864, free=1304666112, active=2436665344, inactive=10175012864, buffers=40443904, cached=1241632768, shared=787509248, slab=202489856)
2024-01-17 14:19:01,516:INFO:Physical Core: 6
2024-01-17 14:19:01,525:INFO:Logical Core: 12
2024-01-17 14:19:01,526:INFO:Checking libraries
2024-01-17 14:19:01,527:INFO:System:
2024-01-17 14:19:01,527:INFO:    python: 3.10.12 (main, Nov 20 2023, 15:14:05) [GCC 11.4.0]
2024-01-17 14:19:01,527:INFO:executable: /bin/python3
2024-01-17 14:19:01,527:INFO:   machine: Linux-5.15.0-91-generic-x86_64-with-glibc2.35
2024-01-17 14:19:01,527:INFO:PyCaret required dependencies:
2024-01-17 14:19:01,682:INFO:                 pip: 22.0.2
2024-01-17 14:19:01,682:INFO:          setuptools: 59.6.0
2024-01-17 14:19:01,682:INFO:             pycaret: 3.2.0
2024-01-17 14:19:01,682:INFO:             IPython: 8.17.2
2024-01-17 14:19:01,682:INFO:          ipywidgets: 8.1.1
2024-01-17 14:19:01,682:INFO:                tqdm: 4.66.1
2024-01-17 14:19:01,683:INFO:               numpy: 1.25.2
2024-01-17 14:19:01,683:INFO:              pandas: 1.5.3
2024-01-17 14:19:01,683:INFO:              jinja2: 3.1.3
2024-01-17 14:19:01,683:INFO:               scipy: 1.10.1
2024-01-17 14:19:01,683:INFO:              joblib: 1.3.2
2024-01-17 14:19:01,683:INFO:             sklearn: 1.2.2
2024-01-17 14:19:01,683:INFO:                pyod: 1.1.2
2024-01-17 14:19:01,683:INFO:            imblearn: 0.11.0
2024-01-17 14:19:01,683:INFO:   category_encoders: 2.6.3
2024-01-17 14:19:01,683:INFO:            lightgbm: 4.2.0
2024-01-17 14:19:01,683:INFO:               numba: 0.58.1
2024-01-17 14:19:01,683:INFO:            requests: 2.25.1
2024-01-17 14:19:01,683:INFO:          matplotlib: 3.6.0
2024-01-17 14:19:01,683:INFO:          scikitplot: 0.3.7
2024-01-17 14:19:01,683:INFO:         yellowbrick: 1.5
2024-01-17 14:19:01,683:INFO:              plotly: 5.18.0
2024-01-17 14:19:01,683:INFO:    plotly-resampler: Not installed
2024-01-17 14:19:01,683:INFO:             kaleido: 0.2.1
2024-01-17 14:19:01,683:INFO:           schemdraw: 0.15
2024-01-17 14:19:01,683:INFO:         statsmodels: 0.14.1
2024-01-17 14:19:01,683:INFO:              sktime: 0.21.1
2024-01-17 14:19:01,683:INFO:               tbats: 1.1.3
2024-01-17 14:19:01,683:INFO:            pmdarima: 2.0.4
2024-01-17 14:19:01,683:INFO:              psutil: 5.9.0
2024-01-17 14:19:01,683:INFO:          markupsafe: 2.0.1
2024-01-17 14:19:01,683:INFO:             pickle5: Not installed
2024-01-17 14:19:01,683:INFO:         cloudpickle: 3.0.0
2024-01-17 14:19:01,683:INFO:         deprecation: 2.1.0
2024-01-17 14:19:01,683:INFO:              xxhash: 3.4.1
2024-01-17 14:19:01,683:INFO:           wurlitzer: 3.0.3
2024-01-17 14:19:01,683:INFO:PyCaret optional dependencies:
2024-01-17 14:19:02,294:INFO:                shap: Not installed
2024-01-17 14:19:02,296:INFO:           interpret: Not installed
2024-01-17 14:19:02,296:INFO:                umap: Not installed
2024-01-17 14:19:02,296:INFO:     ydata_profiling: Not installed
2024-01-17 14:19:02,296:INFO:  explainerdashboard: Not installed
2024-01-17 14:19:02,296:INFO:             autoviz: Not installed
2024-01-17 14:19:02,296:INFO:           fairlearn: Not installed
2024-01-17 14:19:02,296:INFO:          deepchecks: Not installed
2024-01-17 14:19:02,296:INFO:             xgboost: 2.0.3
2024-01-17 14:19:02,296:INFO:            catboost: Not installed
2024-01-17 14:19:02,296:INFO:              kmodes: Not installed
2024-01-17 14:19:02,296:INFO:             mlxtend: Not installed
2024-01-17 14:19:02,296:INFO:       statsforecast: Not installed
2024-01-17 14:19:02,297:INFO:        tune_sklearn: Not installed
2024-01-17 14:19:02,297:INFO:                 ray: Not installed
2024-01-17 14:19:02,297:INFO:            hyperopt: Not installed
2024-01-17 14:19:02,297:INFO:              optuna: Not installed
2024-01-17 14:19:02,297:INFO:               skopt: Not installed
2024-01-17 14:19:02,297:INFO:              mlflow: Not installed
2024-01-17 14:19:02,297:INFO:              gradio: Not installed
2024-01-17 14:19:02,297:INFO:             fastapi: Not installed
2024-01-17 14:19:02,297:INFO:             uvicorn: Not installed
2024-01-17 14:19:02,297:INFO:              m2cgen: Not installed
2024-01-17 14:19:02,297:INFO:           evidently: Not installed
2024-01-17 14:19:02,297:INFO:               fugue: Not installed
2024-01-17 14:19:02,298:INFO:           streamlit: Not installed
2024-01-17 14:19:02,298:INFO:             prophet: Not installed
2024-01-17 14:19:02,298:INFO:None
2024-01-17 14:19:02,298:INFO:Set up data.
2024-01-17 14:19:12,548:INFO:Set up folding strategy.
2024-01-17 14:19:12,552:INFO:Set up train/test split.
2024-01-17 14:19:29,896:WARNING:/home/eddie/.local/lib/python3.10/site-packages/sklearn/metrics/_classification.py:1396: UserWarning: Note that pos_label (set to 'Normal') is ignored when average != 'binary' (got 'weighted'). You may use labels=[pos_label] to specify a single positive class.
  warnings.warn(

2024-01-17 14:19:33,050:WARNING:/home/eddie/.local/lib/python3.10/site-packages/sklearn/metrics/_classification.py:1396: UserWarning: Note that pos_label (set to 'Normal') is ignored when average != 'binary' (got 'weighted'). You may use labels=[pos_label] to specify a single positive class.
  warnings.warn(

2024-01-17 14:19:35,304:INFO:Set up index.
2024-01-17 14:19:36,032:WARNING:/home/eddie/.local/lib/python3.10/site-packages/sklearn/metrics/_classification.py:1396: UserWarning: Note that pos_label (set to 'Normal') is ignored when average != 'binary' (got 'weighted'). You may use labels=[pos_label] to specify a single positive class.
  warnings.warn(

2024-01-17 14:19:38,603:INFO:Assigning column types.
2024-01-17 14:19:39,533:INFO:Engine successfully changes for model 'lr' to 'sklearn'.
2024-01-17 14:19:39,612:INFO:Engine for model 'knn' has not been set explicitly, hence returning None.
2024-01-17 14:19:39,619:INFO:Engine for model 'rbfsvm' has not been set explicitly, hence returning None.
2024-01-17 14:19:39,743:INFO:Soft dependency imported: xgboost: 2.0.3
2024-01-17 14:19:39,759:WARNING:
'catboost' is a soft dependency and not included in the pycaret installation. Please run: `pip install catboost` to install.
Alternately, you can install this by running `pip install pycaret[models]`
2024-01-17 14:19:39,909:INFO:Engine for model 'knn' has not been set explicitly, hence returning None.
2024-01-17 14:19:39,911:INFO:Engine for model 'rbfsvm' has not been set explicitly, hence returning None.
2024-01-17 14:19:39,920:WARNING:/home/eddie/.local/lib/python3.10/site-packages/sklearn/metrics/_classification.py:1396: UserWarning: Note that pos_label (set to 'Normal') is ignored when average != 'binary' (got 'weighted'). You may use labels=[pos_label] to specify a single positive class.
  warnings.warn(

2024-01-17 14:19:40,161:INFO:Soft dependency imported: xgboost: 2.0.3
2024-01-17 14:19:40,174:WARNING:
'catboost' is a soft dependency and not included in the pycaret installation. Please run: `pip install catboost` to install.
Alternately, you can install this by running `pip install pycaret[models]`
2024-01-17 14:19:40,176:INFO:Engine successfully changes for model 'knn' to 'sklearn'.
2024-01-17 14:19:40,326:INFO:Engine for model 'rbfsvm' has not been set explicitly, hence returning None.
2024-01-17 14:19:40,405:INFO:Soft dependency imported: xgboost: 2.0.3
2024-01-17 14:19:40,413:WARNING:
'catboost' is a soft dependency and not included in the pycaret installation. Please run: `pip install catboost` to install.
Alternately, you can install this by running `pip install pycaret[models]`
2024-01-17 14:19:40,591:INFO:Engine for model 'rbfsvm' has not been set explicitly, hence returning None.
2024-01-17 14:19:40,665:INFO:Soft dependency imported: xgboost: 2.0.3
2024-01-17 14:19:40,672:WARNING:
'catboost' is a soft dependency and not included in the pycaret installation. Please run: `pip install catboost` to install.
Alternately, you can install this by running `pip install pycaret[models]`
2024-01-17 14:19:40,673:INFO:Engine successfully changes for model 'rbfsvm' to 'sklearn'.
2024-01-17 14:19:40,829:INFO:Soft dependency imported: xgboost: 2.0.3
2024-01-17 14:19:40,840:WARNING:
'catboost' is a soft dependency and not included in the pycaret installation. Please run: `pip install catboost` to install.
Alternately, you can install this by running `pip install pycaret[models]`
2024-01-17 14:19:41,068:INFO:Soft dependency imported: xgboost: 2.0.3
2024-01-17 14:19:41,077:WARNING:
'catboost' is a soft dependency and not included in the pycaret installation. Please run: `pip install catboost` to install.
Alternately, you can install this by running `pip install pycaret[models]`
2024-01-17 14:19:41,096:INFO:Preparing preprocessing pipeline...
2024-01-17 14:19:41,252:INFO:Set up label encoding.
2024-01-17 14:19:41,254:INFO:Set up simple imputation.
2024-01-17 14:19:42,789:WARNING:/home/eddie/.local/lib/python3.10/site-packages/sklearn/metrics/_classification.py:1396: UserWarning: Note that pos_label (set to 'Normal') is ignored when average != 'binary' (got 'weighted'). You may use labels=[pos_label] to specify a single positive class.
  warnings.warn(

2024-01-17 14:19:46,144:INFO:Set up encoding of categorical features.
2024-01-17 14:19:46,473:WARNING:/home/eddie/.local/lib/python3.10/site-packages/sklearn/metrics/_classification.py:1396: UserWarning: Note that pos_label (set to 'Normal') is ignored when average != 'binary' (got 'weighted'). You may use labels=[pos_label] to specify a single positive class.
  warnings.warn(

2024-01-17 14:20:06,399:WARNING:/home/eddie/.local/lib/python3.10/site-packages/sklearn/metrics/_classification.py:1396: UserWarning: Note that pos_label (set to 'Normal') is ignored when average != 'binary' (got 'weighted'). You may use labels=[pos_label] to specify a single positive class.
  warnings.warn(

2024-01-17 14:20:11,055:WARNING:/home/eddie/.local/lib/python3.10/site-packages/sklearn/metrics/_classification.py:1396: UserWarning: Note that pos_label (set to 'Normal') is ignored when average != 'binary' (got 'weighted'). You may use labels=[pos_label] to specify a single positive class.
  warnings.warn(

2024-01-17 14:20:15,655:WARNING:/home/eddie/.local/lib/python3.10/site-packages/sklearn/metrics/_classification.py:1396: UserWarning: Note that pos_label (set to 'Normal') is ignored when average != 'binary' (got 'weighted'). You may use labels=[pos_label] to specify a single positive class.
  warnings.warn(

2024-01-17 14:20:37,393:WARNING:/home/eddie/.local/lib/python3.10/site-packages/pycaret/internal/pipeline.py:275: UserWarning: Persisting input arguments took 1.17s to run.If this happens often in your code, it can cause performance problems (results will be correct in all cases). The reason for this is probably some large input arguments for a wrapped function.
  fitted_estimator = self._memory_fit(

2024-01-17 14:20:37,441:INFO:Finished creating preprocessing pipeline.
2024-01-17 14:20:37,448:INFO:Pipeline: Pipeline(memory=FastMemory(location=/tmp/joblib),
         steps=[('label_encoding',
                 TransformerWrapperWithInverse(exclude=None, include=None,
                                               transformer=LabelEncoder())),
                ('numerical_imputer',
                 TransformerWrapper(exclude=None,
                                    include=['Seq', 'WaveNumber', 'Absorbance'],
                                    transformer=SimpleImputer(add_indicator=False,
                                                              copy=True,
                                                              fill_value=None,
                                                              keep_empty_features=Fals...
                                                              missing_values=nan,
                                                              strategy='most_frequent',
                                                              verbose='deprecated'))),
                ('rest_encoding',
                 TransformerWrapper(exclude=None, include=['SpecID', 'SurID'],
                                    transformer=TargetEncoder(cols=['SpecID',
                                                                    'SurID'],
                                                              drop_invariant=False,
                                                              handle_missing='return_nan',
                                                              handle_unknown='value',
                                                              hierarchy=None,
                                                              min_samples_leaf=20,
                                                              return_df=True,
                                                              smoothing=10,
                                                              verbose=0)))],
         verbose=False)
2024-01-17 14:20:37,448:INFO:Creating final display dataframe.
2024-01-17 14:20:44,565:WARNING:/home/eddie/.local/lib/python3.10/site-packages/sklearn/metrics/_classification.py:1396: UserWarning: Note that pos_label (set to 'Normal') is ignored when average != 'binary' (got 'weighted'). You may use labels=[pos_label] to specify a single positive class.
  warnings.warn(

2024-01-17 14:20:50,777:WARNING:/home/eddie/.local/lib/python3.10/site-packages/sklearn/metrics/_classification.py:1396: UserWarning: Note that pos_label (set to 'Normal') is ignored when average != 'binary' (got 'weighted'). You may use labels=[pos_label] to specify a single positive class.
  warnings.warn(

2024-01-17 14:20:50,962:WARNING:/home/eddie/.local/lib/python3.10/site-packages/sklearn/metrics/_classification.py:1396: UserWarning: Note that pos_label (set to 'Normal') is ignored when average != 'binary' (got 'weighted'). You may use labels=[pos_label] to specify a single positive class.
  warnings.warn(

2024-01-17 14:20:52,275:WARNING:/home/eddie/.local/lib/python3.10/site-packages/pycaret/internal/pipeline.py:110: UserWarning: Persisting input arguments took 1.00s to run.If this happens often in your code, it can cause performance problems (results will be correct in all cases). The reason for this is probably some large input arguments for a wrapped function.
  X, y = pipeline._memory_transform(transformer, X, y)

2024-01-17 14:20:55,330:WARNING:/home/eddie/.local/lib/python3.10/site-packages/sklearn/metrics/_classification.py:1396: UserWarning: Note that pos_label (set to 'Normal') is ignored when average != 'binary' (got 'weighted'). You may use labels=[pos_label] to specify a single positive class.
  warnings.warn(

2024-01-17 14:20:55,530:WARNING:/home/eddie/.local/lib/python3.10/site-packages/sklearn/metrics/_classification.py:1396: UserWarning: Note that pos_label (set to 'Normal') is ignored when average != 'binary' (got 'weighted'). You may use labels=[pos_label] to specify a single positive class.
  warnings.warn(

2024-01-17 14:20:55,616:WARNING:/home/eddie/.local/lib/python3.10/site-packages/sklearn/metrics/_classification.py:1396: UserWarning: Note that pos_label (set to 'Normal') is ignored when average != 'binary' (got 'weighted'). You may use labels=[pos_label] to specify a single positive class.
  warnings.warn(

2024-01-17 14:20:58,295:WARNING:/home/eddie/.local/lib/python3.10/site-packages/sklearn/metrics/_classification.py:1396: UserWarning: Note that pos_label (set to 'Normal') is ignored when average != 'binary' (got 'weighted'). You may use labels=[pos_label] to specify a single positive class.
  warnings.warn(

2024-01-17 14:20:59,944:WARNING:/home/eddie/.local/lib/python3.10/site-packages/sklearn/metrics/_classification.py:1396: UserWarning: Note that pos_label (set to 'Normal') is ignored when average != 'binary' (got 'weighted'). You may use labels=[pos_label] to specify a single positive class.
  warnings.warn(

2024-01-17 14:21:00,167:WARNING:/home/eddie/.local/lib/python3.10/site-packages/sklearn/metrics/_classification.py:1396: UserWarning: Note that pos_label (set to 'Normal') is ignored when average != 'binary' (got 'weighted'). You may use labels=[pos_label] to specify a single positive class.
  warnings.warn(

2024-01-17 14:21:01,283:WARNING:/home/eddie/.local/lib/python3.10/site-packages/sklearn/metrics/_classification.py:1396: UserWarning: Note that pos_label (set to 'Normal') is ignored when average != 'binary' (got 'weighted'). You may use labels=[pos_label] to specify a single positive class.
  warnings.warn(

2024-01-17 14:21:01,599:INFO:Setup _display_container:                     Description                                         Value
0                    Session id                                          1234
1                        Target                                        Status
2                   Target type                                    Multiclass
3                Target mapping  Hyperglycemia: 0, Hypoglycemia: 1, Normal: 2
4           Original data shape                                  (8023575, 6)
5        Transformed data shape                                  (8023575, 6)
6   Transformed train set shape                                  (5616502, 6)
7    Transformed test set shape                                  (2407073, 6)
8              Numeric features                                             3
9          Categorical features                                             2
10                   Preprocess                                          True
11              Imputation type                                        simple
12           Numeric imputation                                          mean
13       Categorical imputation                                          mode
14     Maximum one-hot encoding                                            25
15              Encoding method                                          None
16               Fold Generator                               StratifiedKFold
17                  Fold Number                                            10
18                     CPU Jobs                                            -1
19                      Use GPU                                         False
20               Log Experiment                                         False
21              Experiment Name                              clf-default-name
22                          USI                                          f616
2024-01-17 14:21:01,766:INFO:Soft dependency imported: xgboost: 2.0.3
2024-01-17 14:21:01,770:WARNING:
'catboost' is a soft dependency and not included in the pycaret installation. Please run: `pip install catboost` to install.
Alternately, you can install this by running `pip install pycaret[models]`
2024-01-17 14:21:01,865:INFO:Soft dependency imported: xgboost: 2.0.3
2024-01-17 14:21:01,868:WARNING:
'catboost' is a soft dependency and not included in the pycaret installation. Please run: `pip install catboost` to install.
Alternately, you can install this by running `pip install pycaret[models]`
2024-01-17 14:21:01,868:INFO:setup() successfully completed in 120.44s...............
2024-01-17 14:21:01,884:INFO:Initializing compare_models()
2024-01-17 14:21:01,884:INFO:compare_models(self=<pycaret.classification.oop.ClassificationExperiment object at 0x7f089cd0fd90>, include=None, fold=None, round=4, cross_validation=True, sort=Accuracy, n_select=1, budget_time=None, turbo=True, errors=ignore, fit_kwargs=None, groups=None, experiment_custom_tags=None, probability_threshold=None, verbose=True, parallel=None, caller_params={'self': <pycaret.classification.oop.ClassificationExperiment object at 0x7f089cd0fd90>, 'include': None, 'exclude': None, 'fold': None, 'round': 4, 'cross_validation': True, 'sort': 'Accuracy', 'n_select': 1, 'budget_time': None, 'turbo': True, 'errors': 'ignore', 'fit_kwargs': None, 'groups': None, 'experiment_custom_tags': None, 'probability_threshold': None, 'engine': None, 'verbose': True, 'parallel': None, '__class__': <class 'pycaret.classification.oop.ClassificationExperiment'>}, exclude=None)
2024-01-17 14:21:01,885:INFO:Checking exceptions
2024-01-17 14:21:02,981:WARNING:/home/eddie/.local/lib/python3.10/site-packages/sklearn/metrics/_classification.py:1396: UserWarning: Note that pos_label (set to 'Normal') is ignored when average != 'binary' (got 'weighted'). You may use labels=[pos_label] to specify a single positive class.
  warnings.warn(

2024-01-17 14:21:03,293:INFO:Preparing display monitor
2024-01-17 14:21:03,337:INFO:Initializing Logistic Regression
2024-01-17 14:21:03,337:INFO:Total runtime is 6.699562072753907e-06 minutes
2024-01-17 14:21:03,344:INFO:SubProcess create_model() called ==================================
2024-01-17 14:21:03,345:INFO:Initializing create_model()
2024-01-17 14:21:03,345:INFO:create_model(self=<pycaret.classification.oop.ClassificationExperiment object at 0x7f089cd0fd90>, estimator=lr, fold=StratifiedKFold(n_splits=10, random_state=None, shuffle=False), round=4, cross_validation=True, predict=True, fit_kwargs={}, groups=None, refit=False, probability_threshold=None, experiment_custom_tags=None, verbose=False, system=False, add_to_model_list=True, metrics=None, display=<pycaret.internal.display.display.CommonDisplay object at 0x7f08357c83a0>, model_only=True, return_train_score=False, error_score=0.0, kwargs={})
2024-01-17 14:21:03,345:INFO:Checking exceptions
2024-01-17 14:21:03,345:INFO:Importing libraries
2024-01-17 14:21:03,345:INFO:Copying training dataset
2024-01-17 14:21:04,658:WARNING:/home/eddie/.local/lib/python3.10/site-packages/sklearn/metrics/_classification.py:1396: UserWarning: Note that pos_label (set to 'Normal') is ignored when average != 'binary' (got 'weighted'). You may use labels=[pos_label] to specify a single positive class.
  warnings.warn(

2024-01-17 14:21:06,686:WARNING:/home/eddie/.local/lib/python3.10/site-packages/sklearn/metrics/_classification.py:1396: UserWarning: Note that pos_label (set to 'Normal') is ignored when average != 'binary' (got 'weighted'). You may use labels=[pos_label] to specify a single positive class.
  warnings.warn(

2024-01-17 14:21:07,058:INFO:Defining folds
2024-01-17 14:21:07,058:INFO:Declaring metric variables
2024-01-17 14:21:07,063:INFO:Importing untrained model
2024-01-17 14:21:07,068:INFO:Logistic Regression Imported successfully
2024-01-17 14:21:07,076:INFO:Starting cross validation
2024-01-17 14:21:07,078:INFO:Cross validating with StratifiedKFold(n_splits=10, random_state=None, shuffle=False), n_jobs=-1
2024-01-17 14:21:07,682:WARNING:/home/eddie/.local/lib/python3.10/site-packages/sklearn/metrics/_classification.py:1396: UserWarning: Note that pos_label (set to 'Normal') is ignored when average != 'binary' (got 'weighted'). You may use labels=[pos_label] to specify a single positive class.
  warnings.warn(

2024-01-17 14:21:10,987:WARNING:/home/eddie/.local/lib/python3.10/site-packages/sklearn/metrics/_classification.py:1396: UserWarning: Note that pos_label (set to 'Normal') is ignored when average != 'binary' (got 'weighted'). You may use labels=[pos_label] to specify a single positive class.
  warnings.warn(

2024-01-17 14:21:12,971:WARNING:/home/eddie/.local/lib/python3.10/site-packages/sklearn/metrics/_classification.py:1396: UserWarning: Note that pos_label (set to 'Normal') is ignored when average != 'binary' (got 'weighted'). You may use labels=[pos_label] to specify a single positive class.
  warnings.warn(

2024-01-17 14:21:19,791:WARNING:/home/eddie/.local/lib/python3.10/site-packages/sklearn/metrics/_classification.py:1396: UserWarning: Note that pos_label (set to 'Normal') is ignored when average != 'binary' (got 'weighted'). You may use labels=[pos_label] to specify a single positive class.
  warnings.warn(

2024-01-17 14:21:27,152:WARNING:/home/eddie/.local/lib/python3.10/site-packages/sklearn/metrics/_classification.py:1396: UserWarning: Note that pos_label (set to 'Normal') is ignored when average != 'binary' (got 'weighted'). You may use labels=[pos_label] to specify a single positive class.
  warnings.warn(

